<?xml version="1.0" encoding="UTF-8"?>
<!-- Generated by org.testng.reporters.JUnitReportReporter -->
<testsuite hostname="DESKTOP-060IDNG" failures="0" tests="1" name="testcase.Demo3_SFWithElementMethod.OpportunityTest" time="177.163" errors="0" timestamp="2020-05-14T09:08:31 IST" skipped="0">
  <testcase classname="testcase.Demo3_SFWithElementMethod.OpportunityTest" name="Opportunity" time="177.163"/>
</testsuite> <!-- testcase.Demo3_SFWithElementMethod.OpportunityTest -->
