<?xml version="1.0" encoding="UTF-8"?>
<!-- Generated by org.testng.reporters.JUnitReportReporter -->
<testsuite hostname="DESKTOP-060IDNG" failures="0" tests="3" name="testcase.Demo2_SFGlobalMethods.AccountTest" time="271.147" errors="0" timestamp="2020-05-12T19:40:04 IST" skipped="0">
  <testcase classname="testcase.Demo2_SFGlobalMethods.AccountTest" name="createAccount" time="146.543"/>
  <testcase classname="testcase.Demo2_SFGlobalMethods.AccountTest" name="addActivity" time="69.055"/>
  <testcase classname="testcase.Demo2_SFGlobalMethods.AccountTest" name="addChatter" time="55.549"/>
</testsuite> <!-- testcase.Demo2_SFGlobalMethods.AccountTest -->
