<?xml version="1.0" encoding="UTF-8"?>
<!-- Generated by org.testng.reporters.JUnitReportReporter -->
<testsuite hostname="INBENBRYOGEESH" failures="0" tests="3" name="testng.Account.SFGlobalMethods" time="167.845" errors="0" timestamp="2019-12-22T22:53:43 IST" skipped="0">
  <testcase classname="testng.Account.SFGlobalMethods" name="createAccount" time="77.259"/>
  <testcase classname="testng.Account.SFGlobalMethods" name="Chatter" time="16.536"/>
  <testcase classname="testng.Account.SFGlobalMethods" name="Opportunity" time="74.050"/>
</testsuite> <!-- testng.Account.SFGlobalMethods -->
