<?xml version="1.0" encoding="UTF-8"?>
<!-- Generated by org.testng.reporters.JUnitReportReporter -->
<testsuite hostname="DESKTOP-060IDNG" failures="0" tests="1" name="testcase.Demo3_SFWithElementMethod.ChatterTest" time="76.978" errors="0" timestamp="2020-05-14T00:25:55 IST" skipped="0">
  <testcase classname="testcase.Demo3_SFWithElementMethod.ChatterTest" name="Chatter" time="76.978"/>
</testsuite> <!-- testcase.Demo3_SFWithElementMethod.ChatterTest -->
