<?xml version="1.0" encoding="UTF-8"?>
<!-- Generated by org.testng.reporters.JUnitReportReporter -->
<testsuite hostname="DESKTOP-060IDNG" failures="0" tests="1" name="testng.Demo2_SFGlobalMethods.ChatterTest" time="51.373" errors="0" timestamp="2020-05-10T11:36:37 IST" skipped="0">
  <testcase classname="testng.Demo2_SFGlobalMethods.ChatterTest" name="Chatter" time="51.373"/>
</testsuite> <!-- testng.Demo2_SFGlobalMethods.ChatterTest -->
