<?xml version="1.0" encoding="UTF-8"?>
<!-- Generated by org.testng.reporters.JUnitReportReporter -->
<testsuite hostname="DESKTOP-060IDNG" failures="0" tests="1" name="testcase.Demo1_GlobalSearch.SFGlobalSearch" time="52.067" errors="0" timestamp="2020-05-13T23:22:10 IST" skipped="0">
  <testcase classname="testcase.Demo1_GlobalSearch.SFGlobalSearch" name="globalSearch" time="52.067"/>
</testsuite> <!-- testcase.Demo1_GlobalSearch.SFGlobalSearch -->
