<?xml version="1.0" encoding="UTF-8"?>
<!-- Generated by org.testng.reporters.JUnitReportReporter -->
<testsuite hostname="DESKTOP-060IDNG" failures="0" tests="3" name="testcase.Demo3_SFWithElementMethod.AccountTest" time="250.914" errors="0" timestamp="2020-05-12T19:47:13 IST" skipped="0">
  <testcase classname="testcase.Demo3_SFWithElementMethod.AccountTest" name="createAccount" time="151.387"/>
  <testcase classname="testcase.Demo3_SFWithElementMethod.AccountTest" name="addActivity" time="58.697"/>
  <testcase classname="testcase.Demo3_SFWithElementMethod.AccountTest" name="addChatter" time="40.830"/>
</testsuite> <!-- testcase.Demo3_SFWithElementMethod.AccountTest -->
