<?xml version="1.0" encoding="UTF-8"?>
<!-- Generated by org.testng.reporters.JUnitReportReporter -->
<testsuite hostname="INBENBRYOGEESH" failures="0" tests="3" name="testng.GlobalMethods.AccountTest" time="108.106" errors="0" timestamp="2019-12-22T23:28:24 IST" skipped="0">
  <testcase classname="testng.GlobalMethods.AccountTest" name="createAccount" time="55.959"/>
  <testcase classname="testng.GlobalMethods.AccountTest" name="addActivity" time="27.876"/>
  <testcase classname="testng.GlobalMethods.AccountTest" name="addChatter" time="24.271"/>
</testsuite> <!-- testng.GlobalMethods.AccountTest -->
