<?xml version="1.0" encoding="UTF-8"?>
<!-- Generated by org.testng.reporters.JUnitReportReporter -->
<testsuite hostname="DESKTOP-060IDNG" failures="0" tests="3" name="testcase.Demo2_SFGlobalMethods.OpportunityTest" time="147.820" errors="0" timestamp="2020-05-13T16:34:09 IST" skipped="0">
  <testcase classname="testcase.Demo2_SFGlobalMethods.OpportunityTest" name="Opportunity" time="43.855"/>
  <testcase classname="testcase.Demo2_SFGlobalMethods.OpportunityTest" name="addActivity" time="56.847"/>
  <testcase classname="testcase.Demo2_SFGlobalMethods.OpportunityTest" name="addChatter" time="47.118"/>
</testsuite> <!-- testcase.Demo2_SFGlobalMethods.OpportunityTest -->
