<?xml version="1.0" encoding="UTF-8"?>
<!-- Generated by org.testng.reporters.JUnitReportReporter -->
<testsuite hostname="DESKTOP-060IDNG" failures="0" tests="3" name="testcase.Demo4_SFWithSpecificMethod.AccountTest" time="242.564" errors="0" timestamp="2020-05-12T21:33:42 IST" skipped="0">
  <testcase classname="testcase.Demo4_SFWithSpecificMethod.AccountTest" name="createAccount" time="152.800"/>
  <testcase classname="testcase.Demo4_SFWithSpecificMethod.AccountTest" name="addActivity" time="45.514"/>
  <testcase classname="testcase.Demo4_SFWithSpecificMethod.AccountTest" name="addChatter" time="44.250"/>
</testsuite> <!-- testcase.Demo4_SFWithSpecificMethod.AccountTest -->
