<?xml version="1.0" encoding="UTF-8"?>
<!-- Generated by org.testng.reporters.JUnitReportReporter -->
<testsuite hostname="INBENBRYOGEESH" failures="0" tests="1" name="testng.GlobalSearch.AccountTest" time="33.387" errors="0" timestamp="2019-12-23T00:01:16 IST" skipped="0">
  <testcase classname="testng.GlobalSearch.AccountTest" name="createAccount" time="33.387"/>
</testsuite> <!-- testng.GlobalSearch.AccountTest -->
