<?xml version="1.0" encoding="UTF-8"?>
<!-- Generated by org.testng.reporters.JUnitReportReporter -->
<testsuite hostname="INBENBRYOGEESH" failures="0" tests="3" name="testng.SFWithSpecificMethod.OpportunityTest" time="54.299" errors="0" timestamp="2019-12-24T12:06:36 IST" skipped="0">
  <testcase classname="testng.SFWithSpecificMethod.OpportunityTest" name="Opportunity" time="17.446"/>
  <testcase classname="testng.SFWithSpecificMethod.OpportunityTest" name="addActivity" time="22.383"/>
  <testcase classname="testng.SFWithSpecificMethod.OpportunityTest" name="addChatter" time="14.470"/>
</testsuite> <!-- testng.SFWithSpecificMethod.OpportunityTest -->
