<?xml version="1.0" encoding="UTF-8"?>
<!-- Generated by org.testng.reporters.JUnitReportReporter -->
<testsuite hostname="DESKTOP-060IDNG" failures="0" tests="1" name="testcase.Demo4_SFWithSpecificMethod.ChatterTest" time="104.378" errors="0" timestamp="2020-05-12T21:33:42 IST" skipped="0">
  <testcase classname="testcase.Demo4_SFWithSpecificMethod.ChatterTest" name="Chatter" time="104.378"/>
</testsuite> <!-- testcase.Demo4_SFWithSpecificMethod.ChatterTest -->
