<?xml version="1.0" encoding="UTF-8"?>
<!-- Generated by org.testng.reporters.JUnitReportReporter -->
<testsuite hostname="DESKTOP-060IDNG" failures="0" tests="3" name="testcase.Demo2_SFGlobalMethods.AccountTest" time="184.651" errors="0" timestamp="2020-05-13T23:50:21 IST" skipped="0">
  <testcase classname="testcase.Demo2_SFGlobalMethods.AccountTest" name="createAccount" time="87.073"/>
  <testcase classname="testcase.Demo2_SFGlobalMethods.AccountTest" name="addActivity" time="54.470"/>
  <testcase classname="testcase.Demo2_SFGlobalMethods.AccountTest" name="addChatter" time="43.108"/>
</testsuite> <!-- testcase.Demo2_SFGlobalMethods.AccountTest -->
