<?xml version="1.0" encoding="UTF-8"?>
<!-- Generated by org.testng.reporters.JUnitReportReporter -->
<testsuite skipped="0" hostname="yogi" name="testng.Demo1_GlobalSearch.SFGlobalSearch" tests="1" failures="0" timestamp="2020-01-13T01:05:41 IST" time="49.954" errors="0">
  <testcase name="globalSearch" time="49.954" classname="testng.Demo1_GlobalSearch.SFGlobalSearch"/>
</testsuite> <!-- testng.Demo1_GlobalSearch.SFGlobalSearch -->
