<?xml version="1.0" encoding="UTF-8"?>
<!-- Generated by org.testng.reporters.JUnitReportReporter -->
<testsuite hostname="INBENBRYOGEESH" failures="0" tests="3" name="testng.SFWithSpecificMethod.AccountTest" time="58.487" errors="0" timestamp="2019-12-24T12:06:36 IST" skipped="0">
  <testcase classname="testng.SFWithSpecificMethod.AccountTest" name="createAccount" time="24.836"/>
  <testcase classname="testng.SFWithSpecificMethod.AccountTest" name="addActivity" time="17.721"/>
  <testcase classname="testng.SFWithSpecificMethod.AccountTest" name="addChatter" time="15.930"/>
</testsuite> <!-- testng.SFWithSpecificMethod.AccountTest -->
