<?xml version="1.0" encoding="UTF-8"?>
<!-- Generated by org.testng.reporters.JUnitReportReporter -->
<testsuite hostname="yogi" failures="0" tests="1" name="testng.Demo1_GlobalSearch.SFGlobalSearch" time="44.186" errors="0" timestamp="2020-01-12T21:29:06 IST" skipped="0">
  <testcase classname="testng.Demo1_GlobalSearch.SFGlobalSearch" name="globalSearch" time="44.186"/>
</testsuite> <!-- testng.Demo1_GlobalSearch.SFGlobalSearch -->
