<?xml version="1.0" encoding="UTF-8"?>
<!-- Generated by org.testng.reporters.JUnitReportReporter -->
<testsuite hostname="DESKTOP-060IDNG" failures="0" tests="3" name="testcase.Demo4_SFWithSpecificMethod.OpportunityTest" time="117.594" errors="0" timestamp="2020-05-12T21:45:46 IST" skipped="0">
  <testcase classname="testcase.Demo4_SFWithSpecificMethod.OpportunityTest" name="Opportunity" time="35.663"/>
  <testcase classname="testcase.Demo4_SFWithSpecificMethod.OpportunityTest" name="addActivity" time="43.760"/>
  <testcase classname="testcase.Demo4_SFWithSpecificMethod.OpportunityTest" name="addChatter" time="38.171"/>
</testsuite> <!-- testcase.Demo4_SFWithSpecificMethod.OpportunityTest -->
