<?xml version="1.0" encoding="UTF-8"?>
<!-- Generated by org.testng.reporters.JUnitReportReporter -->
<testsuite hostname="DESKTOP-060IDNG" failures="0" tests="3" name="testcase.Demo4_SFWithSpecificMethod.OpportunityTest" time="225.521" errors="0" timestamp="2020-05-14T00:25:55 IST" skipped="0">
  <testcase classname="testcase.Demo4_SFWithSpecificMethod.OpportunityTest" name="Opportunity" time="99.896"/>
  <testcase classname="testcase.Demo4_SFWithSpecificMethod.OpportunityTest" name="addActivity" time="76.802"/>
  <testcase classname="testcase.Demo4_SFWithSpecificMethod.OpportunityTest" name="addChatter" time="48.823"/>
</testsuite> <!-- testcase.Demo4_SFWithSpecificMethod.OpportunityTest -->
