<?xml version="1.0" encoding="UTF-8"?>
<!-- Generated by org.testng.reporters.JUnitReportReporter -->
<testsuite hostname="INBENBRYOGEESH" failures="0" tests="1" name="testng.GlobalMethods.OpportunityTest" time="78.975" errors="0" timestamp="2019-12-22T23:11:43 IST" skipped="0">
  <testcase classname="testng.GlobalMethods.OpportunityTest" name="Opportunity" time="78.975"/>
</testsuite> <!-- testng.GlobalMethods.OpportunityTest -->
