<?xml version="1.0" encoding="UTF-8"?>
<!-- Generated by org.testng.reporters.JUnitReportReporter -->
<testsuite skipped="0" hostname="yogi" name="testng.Demo2_SFGlobalMethods.AccountTest" tests="3" failures="0" timestamp="2020-01-13T00:30:53 IST" time="259.264" errors="0">
  <testcase name="createAccount" time="116.747" classname="testng.Demo2_SFGlobalMethods.AccountTest"/>
  <testcase name="addActivity" time="75.619" classname="testng.Demo2_SFGlobalMethods.AccountTest"/>
  <testcase name="addChatter" time="66.898" classname="testng.Demo2_SFGlobalMethods.AccountTest"/>
</testsuite> <!-- testng.Demo2_SFGlobalMethods.AccountTest -->
