<?xml version="1.0" encoding="UTF-8"?>
<!-- Generated by org.testng.reporters.JUnitReportReporter -->
<testsuite hostname="INBENBRYOGEESH" failures="0" tests="1" name="testng.SFWithSpecificMethod.ChatterTest" time="12.722" errors="0" timestamp="2019-12-24T12:06:36 IST" skipped="0">
  <testcase classname="testng.SFWithSpecificMethod.ChatterTest" name="Chatter" time="12.722"/>
</testsuite> <!-- testng.SFWithSpecificMethod.ChatterTest -->
