<?xml version="1.0" encoding="UTF-8"?>
<!-- Generated by org.testng.reporters.JUnitReportReporter -->
<testsuite hostname="DESKTOP-060IDNG" failures="0" tests="1" name="testng.Demo1_GlobalSearch.SFGlobalSearch" time="69.676" errors="0" timestamp="2020-05-10T11:03:36 IST" skipped="0">
  <testcase classname="testng.Demo1_GlobalSearch.SFGlobalSearch" name="globalSearch" time="69.676"/>
</testsuite> <!-- testng.Demo1_GlobalSearch.SFGlobalSearch -->
