<?xml version="1.0" encoding="UTF-8"?>
<!-- Generated by org.testng.reporters.JUnitReportReporter -->
<testsuite hostname="yogi" failures="0" tests="3" name="testng.Demo2_SFGlobalMethods.AccountTest" time="215.071" errors="0" timestamp="2020-01-12T21:41:10 IST" skipped="0">
  <testcase classname="testng.Demo2_SFGlobalMethods.AccountTest" name="createAccount" time="89.796"/>
  <testcase classname="testng.Demo2_SFGlobalMethods.AccountTest" name="addActivity" time="64.554"/>
  <testcase classname="testng.Demo2_SFGlobalMethods.AccountTest" name="addChatter" time="60.721"/>
</testsuite> <!-- testng.Demo2_SFGlobalMethods.AccountTest -->
