<?xml version="1.0" encoding="UTF-8"?>
<!-- Generated by org.testng.reporters.JUnitReportReporter -->
<testsuite hostname="DESKTOP-060IDNG" failures="0" tests="1" name="testcase.Demo2_SFGlobalMethods.ChatterTest" time="87.623" errors="0" timestamp="2020-05-13T23:44:30 IST" skipped="0">
  <testcase classname="testcase.Demo2_SFGlobalMethods.ChatterTest" name="Chatter" time="87.623"/>
</testsuite> <!-- testcase.Demo2_SFGlobalMethods.ChatterTest -->
