<?xml version="1.0" encoding="UTF-8"?>
<!-- Generated by org.testng.reporters.JUnitReportReporter -->
<testsuite hostname="DESKTOP-060IDNG" failures="0" tests="3" name="testcase.Demo4_SFWithSpecificMethod.AccountTest" time="306.817" errors="0" timestamp="2020-05-14T00:44:48 IST" skipped="0">
  <testcase classname="testcase.Demo4_SFWithSpecificMethod.AccountTest" name="createAccount" time="202.594"/>
  <testcase classname="testcase.Demo4_SFWithSpecificMethod.AccountTest" name="addActivity" time="65.106"/>
  <testcase classname="testcase.Demo4_SFWithSpecificMethod.AccountTest" name="addChatter" time="39.117"/>
</testsuite> <!-- testcase.Demo4_SFWithSpecificMethod.AccountTest -->
